The following actions are being taken NOW:
** Run:"newfiles/pre-install.sh pass2, pre-install.sh, nfs, 2399 10 1966 73"
   making directory "usr/etc/yp"
   making directory "usr/sys/NFS"
   "dynix_zd" updated
   "usr/sys/conf/OBJSlib.a" updated
   "usr/sys/conf/conf_nfs.c" already updated
   "usr/sys/conf/conf_vfs.c" already updated
   creating "etc/NFS.OPTIONS"
   creating "etc/biod"
   creating "etc/nfsd"
   creating "etc/ypbind"
   creating "usr/bin/ypcat"
   creating "usr/bin/ypmatch"
   creating "usr/bin/yppasswd"
   creating "usr/bin/ypwhich"
   creating "usr/etc/nfsstat"
   creating "usr/etc/rpc.mountd"
   creating "usr/etc/rpc.yppasswdd"
   creating "usr/etc/showmount"
   creating "usr/etc/yp/Makefile"
   creating "usr/etc/yp/makedbm"
   creating "usr/etc/yp/revnetgroup"
   creating "usr/etc/yp/stdhosts"
   creating "usr/etc/yp/ypinit"
   creating "usr/etc/yp/yppoll"
   creating "usr/etc/yp/yppush"
   creating "usr/etc/yp/ypset"
   creating "usr/etc/yp/ypxfr"
   creating "usr/etc/yp/ypxfr_1perday"
   creating "usr/etc/yp/ypxfr_1perhour"
   creating "usr/etc/yp/ypxfr_2perday"
   creating "usr/etc/ypserv"
   creating "usr/man/cat1/ypcat.1.Z"
   creating "usr/man/cat1/ypmatch.1.Z"
   creating "usr/man/cat1/yppasswd.1.Z"
   creating "usr/man/cat1/ypwhich.1.Z"
   creating "usr/man/cat2/nfssvc.2.Z"
   creating "usr/man/cat4/nfs.4p.Z"
   creating "usr/man/cat5/exports.5.Z"
   creating "usr/man/cat5/ypfiles.5.Z"
   creating "usr/man/cat8/makedbm.8.Z"
   creating "usr/man/cat8/mountd.8c.Z"
   creating "usr/man/cat8/nfsd.8.Z"
   creating "usr/man/cat8/nfsstat.8.Z"
   creating "usr/man/cat8/showmount.8.Z"
   creating "usr/man/cat8/ypinit.8.Z"
   creating "usr/man/cat8/ypmake.8.Z"
   creating "usr/man/cat8/yppasswdd.8c.Z"
   creating "usr/man/cat8/yppoll.8.Z"
   creating "usr/man/cat8/yppush.8.Z"
   creating "usr/man/cat8/ypserv.8.Z"
   creating "usr/man/cat8/ypset.8.Z"
   creating "usr/man/cat8/ypxfr.8.Z"
   creating "usr/man/man1/ypcat.1"
   creating "usr/man/man1/ypmatch.1"
   creating "usr/man/man1/yppasswd.1"
   creating "usr/man/man1/ypwhich.1"
   creating "usr/man/man2/nfssvc.2"
   creating "usr/man/man5/exports.5"
   creating "usr/man/man5/ypfiles.5"
   creating "usr/man/man8/makedbm.8"
   creating "usr/man/man8/mountd.8c"
   creating "usr/man/man8/nfsd.8"
   creating "usr/man/man8/nfsstat.8"
   creating "usr/man/man8/showmount.8"
   creating "usr/man/man8/ypinit.8"
   creating "usr/man/man8/ypmake.8"
   creating "usr/man/man8/yppasswdd.8c"
   creating "usr/man/man8/yppoll.8"
   creating "usr/man/man8/yppush.8"
   creating "usr/man/man8/ypserv.8"
   creating "usr/man/man8/ypset.8"
   creating "usr/man/man8/ypxfr.8"
   creating "usr/sys/conf/NFS"
   symlink added: "etc/yp -> /usr/etc/yp"
